[master af877f0] added pic set
 1 file changed, 0 insertions(+), 0 deletions(-)
 create mode 100644 test.jpg
[master d7d0318] added pic set
 2 files changed, 3 insertions(+)
 rewrite test.jpg (74%)
[master 16cdeec] added pic set
 4 files changed, 4 insertions(+), 1 deletion(-)
 create mode 100644 .jpg
 delete mode 100644 test.jpg
[master 45f93a7] added pic set
 185 files changed, 7 insertions(+), 1 deletion(-)
 rewrite .jpg (71%)
 delete mode 100644 2017_06_18_1530.jpg
 delete mode 100644 2017_06_18_1600.jpg
 delete mode 100644 2017_06_18_1630.jpg
 delete mode 100644 2017_06_18_1700.jpg
 delete mode 100644 2017_06_18_1730.jpg
 delete mode 100644 2017_06_18_1800.jpg
 delete mode 100644 2017_06_18_1830.jpg
 delete mode 100644 2017_06_18_1900.jpg
 delete mode 100644 2017_06_18_1930.jpg
 delete mode 100644 2017_06_18_2000.jpg
 delete mode 100644 2017_06_18_2030.jpg
 delete mode 100644 2017_06_18_2100.jpg
 delete mode 100644 2017_06_18_2130.jpg
 delete mode 100644 2017_06_18_2200.jpg
 delete mode 100644 2017_06_18_2230.jpg
 delete mode 100644 2017_06_18_2300.jpg
 delete mode 100644 2017_06_18_2330.jpg
 delete mode 100644 2017_06_19_0000.jpg
 delete mode 100644 2017_06_19_0030.jpg
 delete mode 100644 2017_06_19_0100.jpg
 delete mode 100644 2017_06_19_0130.jpg
 delete mode 100644 2017_06_19_0200.jpg
 delete mode 100644 2017_06_19_0230.jpg
 delete mode 100644 2017_06_19_0300.jpg
 delete mode 100644 2017_06_19_1330.jpg
 delete mode 100644 2017_06_19_1400.jpg
 delete mode 100644 2017_06_19_1430.jpg
 delete mode 100644 2017_06_19_1500.jpg
 delete mode 100644 2017_06_19_1530.jpg
 delete mode 100644 2017_06_19_1600.jpg
 delete mode 100644 2017_06_19_1630.jpg
 delete mode 100644 2017_06_19_1700.jpg
 delete mode 100644 2017_06_19_1730.jpg
 delete mode 100644 2017_06_19_1800.jpg
 delete mode 100644 2017_06_19_1830.jpg
 delete mode 100644 2017_06_19_1900.jpg
 delete mode 100644 2017_06_19_1944.jpg
 delete mode 100644 2017_06_19_2000.jpg
 delete mode 100644 2017_06_19_2030.jpg
 delete mode 100644 2017_06_19_2100.jpg
 delete mode 100644 2017_06_19_2130.jpg
 delete mode 100644 2017_06_19_2200.jpg
 delete mode 100644 2017_06_19_2230.jpg
 delete mode 100644 2017_06_19_2300.jpg
 delete mode 100644 2017_06_19_2330.jpg
 delete mode 100644 2017_06_20_0000.jpg
 delete mode 100644 2017_06_20_0030.jpg
 delete mode 100644 2017_06_20_0100.jpg
 delete mode 100644 2017_06_20_0130.jpg
 delete mode 100644 2017_06_20_0200.jpg
 delete mode 100644 2017_06_20_0230.jpg
 delete mode 100644 2017_06_20_0300.jpg
 delete mode 100644 2017_06_20_0330.jpg
 delete mode 100644 2017_06_20_0400.jpg
 delete mode 100644 2017_06_20_0430.jpg
 delete mode 100644 2017_06_20_0500.jpg
 delete mode 100644 2017_06_20_0530.jpg
 delete mode 100644 2017_06_20_0600.jpg
 delete mode 100644 2017_06_20_0630.jpg
 delete mode 100644 2017_06_20_0700.jpg
 delete mode 100644 2017_06_20_0730.jpg
 delete mode 100644 2017_06_20_0800.jpg
 delete mode 100644 2017_06_20_0830.jpg
 delete mode 100644 2017_06_20_0900.jpg
 delete mode 100644 2017_06_20_0930.jpg
 delete mode 100644 2017_06_20_1000.jpg
 delete mode 100644 2017_06_20_1030.jpg
 delete mode 100644 2017_06_20_1100.jpg
 delete mode 100644 2017_06_20_1130.jpg
 delete mode 100644 2017_06_20_1200.jpg
 delete mode 100644 2017_06_20_1230.jpg
 delete mode 100644 2017_06_20_1300.jpg
 delete mode 100644 2017_06_20_1330.jpg
 delete mode 100644 2017_06_20_1400.jpg
 delete mode 100644 2017_06_20_1430.jpg
 delete mode 100644 2017_06_20_1500.jpg
 delete mode 100644 2017_06_20_1530.jpg
 delete mode 100644 2017_06_20_1600.jpg
 delete mode 100644 2017_06_20_1630.jpg
 delete mode 100644 2017_06_20_1700.jpg
 delete mode 100644 2017_06_20_1730.jpg
 delete mode 100644 2017_06_20_1800.jpg
 delete mode 100644 2017_06_20_1830.jpg
 delete mode 100644 2017_06_20_1900.jpg
 delete mode 100644 2017_06_20_2014.jpg
 delete mode 100644 2017_06_20_2029.jpg
 delete mode 100644 2017_06_20_2055.jpg
 delete mode 100644 2017_06_20_2100.jpg
 delete mode 100644 2017_06_20_2155.jpg
 delete mode 100644 2017_06_20_2200.jpg
 delete mode 100644 2017_06_20_2255.jpg
 delete mode 100644 2017_06_20_2300.jpg
 delete mode 100644 2017_06_20_2355.jpg
 delete mode 100644 2017_06_21_0000.jpg
 delete mode 100644 2017_06_21_0055.jpg
 delete mode 100644 2017_06_21_0100.jpg
 delete mode 100644 2017_06_21_0155.jpg
 delete mode 100644 2017_06_21_0200.jpg
 delete mode 100644 2017_06_21_0255.jpg
 delete mode 100644 2017_06_21_0300.jpg
 delete mode 100644 2017_06_21_0355.jpg
 delete mode 100644 2017_06_21_0400.jpg
 delete mode 100644 2017_06_21_0855.jpg
 delete mode 100644 2017_06_21_0900.jpg
 delete mode 100644 2017_06_21_0955.jpg
 delete mode 100644 2017_06_21_1000.jpg
 delete mode 100644 2017_06_21_1055.jpg
 delete mode 100644 2017_06_21_1100.jpg
 delete mode 100644 2017_06_21_1155.jpg
 delete mode 100644 2017_06_21_1200.jpg
 delete mode 100644 2017_06_21_1255.jpg
 delete mode 100644 2017_06_21_1300.jpg
 delete mode 100644 2017_06_21_1355.jpg
 delete mode 100644 2017_06_21_1400.jpg
 delete mode 100644 2017_06_21_1455.jpg
 delete mode 100644 2017_06_21_1500.jpg
 delete mode 100644 2017_06_21_1555.jpg
 delete mode 100644 2017_06_21_1600.jpg
 delete mode 100644 2017_06_21_1655.jpg
 delete mode 100644 2017_06_21_1700.jpg
 delete mode 100644 2017_06_21_1755.jpg
 delete mode 100644 2017_06_21_1800.jpg
 delete mode 100644 2017_06_21_1812.jpg
 delete mode 100644 2017_06_21_1855.jpg
 delete mode 100644 2017_06_21_1900.jpg
 delete mode 100644 2017_06_21_1955.jpg
 delete mode 100644 2017_06_21_2000.jpg
 delete mode 100644 2017_06_21_2055.jpg
 delete mode 100644 2017_06_21_2100.jpg
 delete mode 100644 2017_06_21_2155.jpg
 delete mode 100644 2017_06_21_2200.jpg
 delete mode 100644 2017_06_21_2255.jpg
 delete mode 100644 2017_06_21_2300.jpg
 delete mode 100644 2017_06_21_2355.jpg
 delete mode 100644 2017_06_22_0000.jpg
 delete mode 100644 2017_06_22_0055.jpg
 delete mode 100644 2017_06_22_0100.jpg
 delete mode 100644 2017_06_22_0155.jpg
 delete mode 100644 2017_06_22_0200.jpg
 delete mode 100644 2017_06_22_0255.jpg
 delete mode 100644 2017_06_22_0300.jpg
 delete mode 100644 2017_06_22_0355.jpg
 delete mode 100644 2017_06_22_0400.jpg
 delete mode 100644 2017_06_22_0455.jpg
 delete mode 100644 2017_06_22_0500.jpg
 delete mode 100644 2017_06_22_0555.jpg
 delete mode 100644 2017_06_22_0600.jpg
 delete mode 100644 2017_06_22_0655.jpg
 delete mode 100644 2017_06_22_0700.jpg
 delete mode 100644 2017_06_22_0755.jpg
 delete mode 100644 2017_06_22_0800.jpg
 delete mode 100644 2017_06_22_0855.jpg
 delete mode 100644 2017_06_22_0900.jpg
 delete mode 100644 2017_06_22_0955.jpg
 delete mode 100644 2017_06_22_1000.jpg
 delete mode 100644 2017_06_22_1055.jpg
 delete mode 100644 2017_06_22_1100.jpg
 delete mode 100644 2017_06_22_1155.jpg
 delete mode 100644 2017_06_22_1200.jpg
 delete mode 100644 2017_06_22_1255.jpg
 delete mode 100644 2017_06_22_1300.jpg
 delete mode 100644 2017_06_22_1355.jpg
 delete mode 100644 2017_06_22_1400.jpg
 delete mode 100644 2017_06_22_1455.jpg
 delete mode 100644 2017_06_22_1500.jpg
 delete mode 100644 2017_06_22_1555.jpg
 delete mode 100644 2017_06_22_1600.jpg
 delete mode 100644 2017_06_22_1655.jpg
 delete mode 100644 2017_06_22_1700.jpg
 delete mode 100644 2017_06_22_1755.jpg
 delete mode 100644 2017_06_22_1800.jpg
 delete mode 100644 2017_06_22_1831.jpg
 delete mode 100644 2017_06_22_1849.jpg
 delete mode 100644 2017_06_22_1855.jpg
 delete mode 100644 2017_06_22_1900.jpg
 delete mode 100644 2017_06_22_1955.jpg
 delete mode 100644 2017_06_22_2000.jpg
 delete mode 100644 2017_06_22_2014.jpg
 delete mode 100644 2017_06_22_2045.jpg
 delete mode 100644 2017_06_22_2055.jpg
 delete mode 100644 2017_06_22_2100.jpg
 delete mode 100644 2017_06_22_2137.jpg
[master 2c11d5b] added pic set
 5 files changed, 187 insertions(+), 4 deletions(-)
 rewrite .jpg (71%)
